{"level":"\u001b[32minfo\u001b[39m","message":"{\"method\":\"GET\",\"url\":\"/auth/login\",\"status\":\"404\",\"responseTime\":\"34.160\"}","timestamp":"2025-04-20T23:58:47.137Z"}
{"level":"\u001b[32minfo\u001b[39m","message":"{\"method\":\"POST\",\"url\":\"/auth/login\",\"status\":\"400\",\"responseTime\":\"59.415\"}","timestamp":"2025-04-20T23:58:51.889Z"}
{"level":"\u001b[32minfo\u001b[39m","message":"{\"method\":\"POST\",\"url\":\"/auth/register\",\"status\":\"400\",\"responseTime\":\"61.039\"}","timestamp":"2025-04-20T23:59:01.112Z"}
{"level":"\u001b[32minfo\u001b[39m","message":"{\"method\":\"POST\",\"url\":\"/auth/register\",\"status\":\"400\",\"responseTime\":\"7.059\"}","timestamp":"2025-04-21T00:02:25.052Z"}
{"level":"\u001b[32minfo\u001b[39m","message":"{\"method\":\"POST\",\"url\":\"/diagnostics/beckDepression\",\"status\":\"500\",\"responseTime\":\"10.373\"}","timestamp":"2025-04-21T00:18:08.958Z"}
{"level":"\u001b[32minfo\u001b[39m","message":"{\"method\":\"POST\",\"url\":\"/auth/register\",\"status\":\"200\",\"responseTime\":\"222.606\"}","timestamp":"2025-04-21T00:23:20.064Z"}
{"level":"\u001b[32minfo\u001b[39m","message":"{\"method\":\"POST\",\"url\":\"/diagnostics/beckDepression\",\"status\":\"500\",\"responseTime\":\"15.777\"}","timestamp":"2025-04-21T00:23:26.380Z"}
{"level":"\u001b[32minfo\u001b[39m","message":"{\"method\":\"POST\",\"url\":\"/auth/login\",\"status\":\"200\",\"responseTime\":\"187.460\"}","timestamp":"2025-04-21T00:24:37.943Z"}
{"level":"\u001b[32minfo\u001b[39m","message":"{\"method\":\"POST\",\"url\":\"/diagnostics/beckDepression\",\"status\":\"200\",\"responseTime\":\"8.737\"}","timestamp":"2025-04-21T00:25:03.135Z"}
{"level":"\u001b[32minfo\u001b[39m","message":"{\"method\":\"POST\",\"url\":\"/diagnostics/selfEsteem\",\"status\":\"200\",\"responseTime\":\"16.652\"}","timestamp":"2025-04-21T00:53:40.236Z"}
{"level":"\u001b[32minfo\u001b[39m","message":"{\"method\":\"POST\",\"url\":\"/diagnostics/pression\",\"status\":\"200\",\"responseTime\":\"7.893\"}","timestamp":"2025-04-21T00:59:34.251Z"}
{"level":"\u001b[32minfo\u001b[39m","message":"{\"method\":\"POST\",\"url\":\"/diagnostics/pression\",\"status\":\"200\",\"responseTime\":\"21.204\"}","timestamp":"2025-04-21T01:01:03.116Z"}
{"level":"\u001b[32minfo\u001b[39m","message":"{\"method\":\"POST\",\"url\":\"/diagnostics/pression\",\"status\":\"200\",\"responseTime\":\"41.925\"}","timestamp":"2025-04-21T01:03:54.541Z"}
{"level":"\u001b[32minfo\u001b[39m","message":"{\"method\":\"POST\",\"url\":\"/diagnostics/pression\",\"status\":\"200\",\"responseTime\":\"24.029\"}","timestamp":"2025-04-21T01:05:19.054Z"}
{"level":"\u001b[32minfo\u001b[39m","message":"{\"method\":\"POST\",\"url\":\"/diagnostics/pression\",\"status\":\"200\",\"responseTime\":\"8.659\"}","timestamp":"2025-04-21T01:06:09.998Z"}
{"level":"\u001b[32minfo\u001b[39m","message":"{\"method\":\"POST\",\"url\":\"/diagnostics/examStress\",\"status\":\"200\",\"responseTime\":\"5.052\"}","timestamp":"2025-04-21T01:08:35.341Z"}
{"level":"\u001b[32minfo\u001b[39m","message":"{\"method\":\"POST\",\"url\":\"/diagnostics/examStress\",\"status\":\"200\",\"responseTime\":\"5.879\"}","timestamp":"2025-04-21T01:09:31.961Z"}
{"level":"\u001b[32minfo\u001b[39m","message":"{\"method\":\"POST\",\"url\":\"/diagnostics/futureStress\",\"status\":\"200\",\"responseTime\":\"5.143\"}","timestamp":"2025-04-21T01:11:18.331Z"}
{"level":"\u001b[32minfo\u001b[39m","message":"{\"method\":\"POST\",\"url\":\"/diagnostics/sincerAnxiaty\",\"status\":\"200\",\"responseTime\":\"5.912\"}","timestamp":"2025-04-21T01:12:23.383Z"}
{"level":"\u001b[32minfo\u001b[39m","message":"{\"method\":\"POST\",\"url\":\"/diagnostic/ocean\",\"status\":\"404\",\"responseTime\":\"1.460\"}","timestamp":"2025-04-21T01:17:25.831Z"}
{"level":"\u001b[32minfo\u001b[39m","message":"{\"method\":\"POST\",\"url\":\"/diagnostics/ocean\",\"status\":\"200\",\"responseTime\":\"9.377\"}","timestamp":"2025-04-21T01:17:38.828Z"}
{"level":"\u001b[32minfo\u001b[39m","message":"{\"method\":\"POST\",\"url\":\"/diagnostics/raisec\",\"status\":\"200\",\"responseTime\":\"62.647\"}","timestamp":"2025-04-21T01:29:35.517Z"}
{"level":"\u001b[32minfo\u001b[39m","message":"{\"method\":\"POST\",\"url\":\"/diagnostics/internetAdiction\",\"status\":\"200\",\"responseTime\":\"8.124\"}","timestamp":"2025-04-21T01:37:17.221Z"}
